<?xml version="1.0" encoding="UTF-8"?>
<testng-results skipped="0" failed="1" ignored="0" total="4" passed="3">
  <reporter-output>
  </reporter-output>
  <suite name="Default suite" duration-ms="45521" started-at="2020-06-24T18:47:21 IST" finished-at="2020-06-24T18:48:07 IST">
    <groups>
    </groups>
    <test name="Default test" duration-ms="45521" started-at="2020-06-24T18:47:21 IST" finished-at="2020-06-24T18:48:07 IST">
      <class name="pom.Page1">
        <test-method status="PASS" signature="urlLaunch()[pri:0, instance:pom.Page1@76707e36]" name="urlLaunch" duration-ms="26568" started-at="2020-06-24T18:47:21 IST" finished-at="2020-06-24T18:47:48 IST">
          <reporter-output>
          </reporter-output>
        </test-method> <!-- urlLaunch -->
        <test-method status="PASS" signature="login()[pri:1, instance:pom.Page1@76707e36]" name="login" duration-ms="6704" started-at="2020-06-24T18:47:48 IST" finished-at="2020-06-24T18:47:54 IST">
          <reporter-output>
          </reporter-output>
        </test-method> <!-- login -->
        <test-method status="PASS" signature="cred(java.lang.String, java.lang.String)[pri:2, instance:pom.Page1@76707e36]" name="cred" duration-ms="12003" started-at="2020-06-24T18:47:54 IST" data-provider="testdata" finished-at="2020-06-24T18:48:06 IST">
          <params>
            <param index="0">
              <value>
                <![CDATA[vigneshviswa848@gmail.com]]>
              </value>
            </param>
            <param index="1">
              <value>
                <![CDATA[karaikudisaba@123]]>
              </value>
            </param>
          </params>
          <reporter-output>
          </reporter-output>
        </test-method> <!-- cred -->
        <test-method status="FAIL" signature="searchkey()[pri:3, instance:pom.Page1@76707e36]" name="searchkey" duration-ms="2" started-at="2020-06-24T18:48:06 IST" finished-at="2020-06-24T18:48:06 IST">
          <exception class="java.lang.NullPointerException">
            <full-stacktrace>
              <![CDATA[java.lang.NullPointerException
at utilityPackage.Locators.locator(Locators.java:19)
at pom.Page1.searchkey(Page1.java:67)
at sun.reflect.NativeMethodAccessorImpl.invoke0(Native Method)
at sun.reflect.NativeMethodAccessorImpl.invoke(NativeMethodAccessorImpl.java:62)
at sun.reflect.DelegatingMethodAccessorImpl.invoke(DelegatingMethodAccessorImpl.java:43)
at java.lang.reflect.Method.invoke(Method.java:498)
at org.testng.internal.MethodInvocationHelper.invokeMethod(MethodInvocationHelper.java:134)
at org.testng.internal.TestInvoker.invokeMethod(TestInvoker.java:597)
at org.testng.internal.TestInvoker.invokeTestMethod(TestInvoker.java:173)
at org.testng.internal.MethodRunner.runInSequence(MethodRunner.java:46)
at org.testng.internal.TestInvoker$MethodInvocationAgent.invoke(TestInvoker.java:816)
at org.testng.internal.TestInvoker.invokeTestMethods(TestInvoker.java:146)
at org.testng.internal.TestMethodWorker.invokeTestMethods(TestMethodWorker.java:146)
at org.testng.internal.TestMethodWorker.run(TestMethodWorker.java:128)
at java.util.ArrayList.forEach(ArrayList.java:1257)
at org.testng.TestRunner.privateRun(TestRunner.java:766)
at org.testng.TestRunner.run(TestRunner.java:587)
at org.testng.SuiteRunner.runTest(SuiteRunner.java:384)
at org.testng.SuiteRunner.runSequentially(SuiteRunner.java:378)
at org.testng.SuiteRunner.privateRun(SuiteRunner.java:337)
at org.testng.SuiteRunner.run(SuiteRunner.java:286)
at org.testng.SuiteRunnerWorker.runSuite(SuiteRunnerWorker.java:53)
at org.testng.SuiteRunnerWorker.run(SuiteRunnerWorker.java:96)
at org.testng.TestNG.runSuitesSequentially(TestNG.java:1187)
at org.testng.TestNG.runSuitesLocally(TestNG.java:1109)
at org.testng.TestNG.runSuites(TestNG.java:1039)
at org.testng.TestNG.run(TestNG.java:1007)
at org.testng.remote.AbstractRemoteTestNG.run(AbstractRemoteTestNG.java:115)
at org.testng.remote.RemoteTestNG.initAndRun(RemoteTestNG.java:251)
at org.testng.remote.RemoteTestNG.main(RemoteTestNG.java:77)
]]>
            </full-stacktrace>
          </exception> <!-- java.lang.NullPointerException -->
          <reporter-output>
          </reporter-output>
        </test-method> <!-- searchkey -->
      </class> <!-- pom.Page1 -->
    </test> <!-- Default test -->
  </suite> <!-- Default suite -->
</testng-results>
